<?xml version="1.0" encoding="UTF-8"?>
<!-- Generated by org.testng.reporters.JUnitReportReporter -->
<testsuite hostname="LAPTOP-00TCO18I" failures="0" tests="4" name="test_two.NewClasstwo" time="0.003" errors="0" timestamp="2022-04-21T23:07:51 IST" skipped="1">
  <testcase classname="test_two.NewClasstwo" name="newMethod4" time="0.002"/>
  <system-out/>
  <testcase classname="test_two.NewClasstwo" name="newMethod5" time="0.000"/>
  <system-out/>
  <testcase classname="test_two.NewClasstwo" name="newMethod3" time="0.001"/>
  <system-out/>
  <testcase classname="test_two.NewClasstwo" name="newMethod7">
    <skipped/>
  </testcase> <!-- newMethod7 -->
  <system-out/>
</testsuite> <!-- test_two.NewClasstwo -->
