<?xml version="1.0" encoding="UTF-8"?>
<!-- Generated by org.testng.reporters.JUnitReportReporter -->
<testsuite hostname="LAPTOP-00TCO18I" failures="0" tests="3" name="test_two.NewClassThree" time="0.008" errors="0" timestamp="2022-03-01T10:32:34 IST" skipped="0">
  <testcase classname="test_two.NewClassThree" name="checkmethod" time="0.000"/>
  <system-out/>
  <testcase classname="test_two.NewClassThree" name="checkmethod" time="0.002"/>
  <system-out/>
  <testcase classname="test_two.NewClassThree" name="checkmethod" time="0.006"/>
  <system-out/>
</testsuite> <!-- test_two.NewClassThree -->
