<?xml version="1.0" encoding="UTF-8"?>
<!-- Generated by org.testng.reporters.JUnitReportReporter -->
<testsuite hostname="LAPTOP-00TCO18I" failures="0" tests="4" name="test_two.NewClass1" time="0.011" errors="0" timestamp="2022-03-20T08:21:54 IST" skipped="0">
  <testcase classname="test_two.NewClass1" name="newMethod1" time="0.007"/>
  <system-out/>
  <testcase classname="test_two.NewClass1" name="newMethod2" time="0.002"/>
  <system-out/>
  <testcase classname="test_two.NewClass1" name="newMethod3" time="0.001"/>
  <system-out/>
  <testcase classname="test_two.NewClass1" name="newMethod4" time="0.001"/>
  <system-out/>
</testsuite> <!-- test_two.NewClass1 -->
