<?xml version="1.0" encoding="UTF-8"?>
<!-- Generated by org.testng.reporters.JUnitReportReporter -->
<testsuite hostname="LAPTOP-00TCO18I" failures="0" tests="1" name="test.class1" time="0.006" errors="0" timestamp="2022-02-25T11:49:06 IST" skipped="0">
  <testcase classname="test.class1" name="method1" time="0.006"/>
  <system-out/>
</testsuite> <!-- test.class1 -->
