<?xml version="1.0" encoding="UTF-8"?>
<!-- Generated by org.testng.reporters.JUnitReportReporter -->
<testsuite hostname="LAPTOP-00TCO18I" failures="0" tests="3" name="test.demo" time="0.005" errors="0" timestamp="2022-03-01T11:06:44 IST" skipped="0">
  <testcase classname="test.demo" name="m1" time="0.004"/>
  <system-out/>
  <testcase classname="test.demo" name="m3" time="0.000"/>
  <system-out/>
  <testcase classname="test.demo" name="m4" time="0.001"/>
  <system-out/>
</testsuite> <!-- test.demo -->
