<?xml version="1.0" encoding="UTF-8"?>
<!-- Generated by org.testng.reporters.JUnitReportReporter -->
<testsuite hostname="LAPTOP-00TCO18I" failures="0" tests="1" name="test.class4" time="0.000" errors="0" timestamp="2022-03-20T08:04:53 IST" skipped="0">
  <testcase classname="test.class4" name="method1" time="0.000"/>
  <system-out/>
</testsuite> <!-- test.class4 -->
