<?xml version="1.0" encoding="UTF-8"?>
<!-- Generated by org.testng.reporters.JUnitReportReporter -->
<testsuite hostname="LAPTOP-00TCO18I" failures="0" tests="3" name="test_two.NewClass1" time="0.009" errors="0" timestamp="2022-04-21T23:07:51 IST" skipped="0">
  <testcase classname="test_two.NewClass1" name="newMethod1" time="0.008"/>
  <system-out/>
  <testcase classname="test_two.NewClass1" name="newMethod3" time="0.000"/>
  <system-out/>
  <testcase classname="test_two.NewClass1" name="newMethod2" time="0.001"/>
  <system-out/>
</testsuite> <!-- test_two.NewClass1 -->
