<?xml version="1.0" encoding="UTF-8"?>
<!-- Generated by org.testng.reporters.JUnitReportReporter -->
<testsuite hostname="LAPTOP-00TCO18I" failures="0" tests="1" name="DemoPackage.ExtentReportDemo" time="8.886" errors="0" timestamp="2022-07-30T09:16:01 IST" skipped="0">
  <testcase classname="DemoPackage.ExtentReportDemo" name="initialDemo" time="8.886"/>
  <system-out/>
</testsuite> <!-- DemoPackage.ExtentReportDemo -->
