<?xml version="1.0" encoding="UTF-8"?>
<!-- Generated by org.testng.reporters.JUnitReportReporter -->
<testsuite hostname="LAPTOP-00TCO18I" failures="0" tests="1" name="AmazonTest.HomePage" time="6.040" errors="0" timestamp="20 Apr 2022 16:57:28 GMT">
  <testcase classname="AmazonTest.HomePage" name="HomePageTest" time="6.040"/>
</testsuite> <!-- AmazonTest.HomePage -->
