<?xml version="1.0" encoding="UTF-8"?>
<!-- Generated by org.testng.reporters.JUnitReportReporter -->
<testsuite hostname="LAPTOP-00TCO18I" failures="0" tests="1" name="AmazonTest.HelloSignInTest" time="24.148" errors="0" timestamp="2022-08-04T10:43:23 IST" skipped="0">
  <testcase classname="AmazonTest.HelloSignInTest" name="HelloSignInTestMethod" time="24.148"/>
  <system-out/>
</testsuite> <!-- AmazonTest.HelloSignInTest -->
