<?xml version="1.0" encoding="UTF-8"?>
<!-- Generated by org.testng.reporters.JUnitReportReporter -->
<testsuite hostname="LAPTOP-00TCO18I" failures="0" tests="2" name="AmazonTest.SportsAndFitnessTest" time="36.695" errors="0" timestamp="2022-06-08T22:10:20 IST" skipped="0">
  <testcase classname="AmazonTest.SportsAndFitnessTest" name="SportsAndFitnessTestMethod" time="18.039"/>
  <system-out/>
  <testcase classname="AmazonTest.SportsAndFitnessTest" name="HelloSignInTestMethod" time="18.656"/>
  <system-out/>
</testsuite> <!-- AmazonTest.SportsAndFitnessTest -->
