<?xml version="1.0" encoding="UTF-8"?>
<!-- Generated by org.testng.reporters.JUnitReportReporter -->
<testsuite hostname="LAPTOP-00TCO18I" failures="0" tests="1" name="AmazonTest.SportsAndFitnessTest" time="18.664" errors="0" timestamp="2022-05-21T15:37:22 IST" skipped="0">
  <testcase classname="AmazonTest.SportsAndFitnessTest" name="SportsAndFitnessTestMethod" time="18.664"/>
  <system-out/>
</testsuite> <!-- AmazonTest.SportsAndFitnessTest -->
