<?xml version="1.0" encoding="UTF-8"?>
<!-- Generated by org.testng.reporters.JUnitReportReporter -->
<testsuite hostname="LAPTOP-00TCO18I" failures="0" tests="1" name="AmazonTest.HomePageTest" time="19.123" errors="0" timestamp="2022-05-05T22:42:41 IST" skipped="0">
  <testcase classname="AmazonTest.HomePageTest" name="HomePageTest" time="19.123"/>
  <system-out/>
</testsuite> <!-- AmazonTest.HomePageTest -->
