<?xml version="1.0" encoding="UTF-8"?>
<!-- Generated by org.testng.reporters.JUnitReportReporter -->
<testsuite hostname="LAPTOP-00TCO18I" failures="0" tests="2" name="AmazonTest.SportsAndFitnessTest" time="41.428" errors="0" timestamp="2022-07-31T21:09:46 IST" skipped="0">
  <testcase classname="AmazonTest.SportsAndFitnessTest" name="SportsAndFitnessTestMethod" time="16.918"/>
  <system-out/>
  <testcase classname="AmazonTest.SportsAndFitnessTest" name="HelloSignInTestMethod" time="24.510"/>
  <system-out/>
</testsuite> <!-- AmazonTest.SportsAndFitnessTest -->
