<?xml version="1.0" encoding="UTF-8"?>
<!-- Generated by org.testng.reporters.JUnitReportReporter -->
<testsuite hostname="LAPTOP-00TCO18I" failures="0" tests="1" name="AmazonTest.HelloSignInTest" time="21.999" errors="0" timestamp="2022-07-31T21:09:46 IST" skipped="0">
  <testcase classname="AmazonTest.HelloSignInTest" name="HelloSignInTestMethod" time="21.999"/>
  <system-out/>
</testsuite> <!-- AmazonTest.HelloSignInTest -->
