<?xml version="1.0" encoding="UTF-8"?>
<!-- Generated by org.testng.reporters.JUnitReportReporter -->
<testsuite hostname="LAPTOP-00TCO18I" failures="0" tests="1" name="AmazonTest.HelloSignInTest" time="21.746" errors="0" timestamp="2022-07-30T12:06:12 IST" skipped="0">
  <testcase classname="AmazonTest.HelloSignInTest" name="HelloSignInTestMethod" time="21.746"/>
  <system-out/>
</testsuite> <!-- AmazonTest.HelloSignInTest -->
