<?xml version="1.0" encoding="UTF-8"?>
<!-- Generated by org.testng.reporters.JUnitReportReporter -->
<testsuite hostname="LAPTOP-00TCO18I" failures="0" tests="2" name="AmazonTest.SportsAndFitnessTest" time="40.190" errors="0" timestamp="2022-07-30T12:06:12 IST" skipped="0">
  <testcase classname="AmazonTest.SportsAndFitnessTest" name="HelloSignInTestMethod" time="23.290"/>
  <system-out/>
  <testcase classname="AmazonTest.SportsAndFitnessTest" name="SportsAndFitnessTestMethod" time="16.900"/>
  <system-out/>
</testsuite> <!-- AmazonTest.SportsAndFitnessTest -->
