<?xml version="1.0" encoding="UTF-8"?>
<!-- Generated by org.testng.reporters.JUnitReportReporter -->
<testsuite hostname="LAPTOP-00TCO18I" failures="0" tests="1" name="tests.HomePageValidations" time="3.310" errors="0" timestamp="2022-03-09T21:15:29 IST" skipped="0">
  <testcase classname="tests.HomePageValidations" name="homePageValidation" time="3.310"/>
  <system-out/>
</testsuite> <!-- tests.HomePageValidations -->
