<?xml version="1.0" encoding="UTF-8"?>
<!-- Generated by org.testng.reporters.JUnitReportReporter -->
<testsuite hostname="LAPTOP-00TCO18I" failures="0" tests="1" name="AcademyPackage.TestingUIpage" time="5.714" errors="0" timestamp="20 Mar 2022 03:22:57 GMT">
  <testcase classname="AcademyPackage.TestingUIpage" name="homePage" time="5.714"/>
</testsuite> <!-- AcademyPackage.TestingUIpage -->
