<?xml version="1.0" encoding="UTF-8"?>
<!-- Generated by org.testng.reporters.JUnitReportReporter -->
<testsuite hostname="LAPTOP-00TCO18I" failures="0" tests="2" name="AcademyPackage.TestingUIpageTest" time="9.230" errors="0" timestamp="20 Mar 2022 15:40:44 GMT">
  <testcase classname="AcademyPackage.TestingUIpageTest" name="homePage" time="5.900"/>
  <testcase classname="AcademyPackage.TestingUIpageTest" name="sortPage" time="3.330"/>
</testsuite> <!-- AcademyPackage.TestingUIpageTest -->
