<?xml version="1.0" encoding="UTF-8"?>
<!-- Generated by org.testng.reporters.JUnitReportReporter -->
<testsuite hostname="LAPTOP-00TCO18I" failures="0" tests="2" name="AcademyPackage.TestingUIpageTest" time="10.537" errors="0" timestamp="2 Apr 2022 08:15:20 GMT">
  <testcase classname="AcademyPackage.TestingUIpageTest" name="sortPage" time="3.131"/>
  <testcase classname="AcademyPackage.TestingUIpageTest" name="homePage" time="7.406"/>
</testsuite> <!-- AcademyPackage.TestingUIpageTest -->
