<?xml version="1.0" encoding="UTF-8"?>
<!-- Generated by org.testng.reporters.JUnitReportReporter -->
<testsuite hostname="LAPTOP-00TCO18I" failures="0" tests="1" name="AcademyPackage.NavigateHomePage" time="9.629" errors="0" timestamp="18 Mar 2022 04:02:31 GMT">
  <testcase classname="AcademyPackage.NavigateHomePage" name="homePage" time="9.629"/>
</testsuite> <!-- AcademyPackage.NavigateHomePage -->
