<?xml version="1.0" encoding="UTF-8"?>
<!-- Generated by org.testng.reporters.JUnitReportReporter -->
<testsuite hostname="LAPTOP-00TCO18I" failures="0" tests="2" name="TestNG.GoogleTest" time="23.960" errors="0" timestamp="20 Jan 2022 07:12:59 GMT">
  <testcase classname="TestNG.GoogleTest" name="Indianflag" time="15.138"/>
  <testcase classname="TestNG.GoogleTest" name="search1" time="8.822"/>
</testsuite> <!-- TestNG.GoogleTest -->
