<?xml version="1.0" encoding="UTF-8"?>
<!-- Generated by org.testng.reporters.JUnitReportReporter -->
<testsuite hostname="LAPTOP-00TCO18I" failures="0" tests="1" name="TestNG.numberException1" time="0.012" errors="0" timestamp="23 Jan 2022 08:52:49 GMT">
  <testcase classname="TestNG.numberException1" name="intTostring" time="0.012"/>
</testsuite> <!-- TestNG.numberException1 -->
