<?xml version="1.0" encoding="UTF-8"?>
<!-- Generated by org.testng.reporters.JUnitReportReporter -->
<testsuite hostname="LAPTOP-00TCO18I" failures="0" tests="10" name="TestNG.InvocationCountTest" time="0.021" errors="0" timestamp="21 Jan 2022 03:59:23 GMT">
  <testcase classname="TestNG.InvocationCountTest" name="method" time="0.001"/>
  <testcase classname="TestNG.InvocationCountTest" name="method" time="0.001"/>
  <testcase classname="TestNG.InvocationCountTest" name="method" time="0.001"/>
  <testcase classname="TestNG.InvocationCountTest" name="method" time="0.001"/>
  <testcase classname="TestNG.InvocationCountTest" name="method" time="0.001"/>
  <testcase classname="TestNG.InvocationCountTest" name="method" time="0.001"/>
  <testcase classname="TestNG.InvocationCountTest" name="method" time="0.012"/>
  <testcase classname="TestNG.InvocationCountTest" name="method" time="0.000"/>
  <testcase classname="TestNG.InvocationCountTest" name="method" time="0.001"/>
  <testcase classname="TestNG.InvocationCountTest" name="method" time="0.002"/>
</testsuite> <!-- TestNG.InvocationCountTest -->
